c:\users\jordi\desktop\trabajos\tercero\ig-ii---lab\proyectosogrevc15x86\ig2app\release\vc143.pdb
c:\users\jordi\desktop\trabajos\tercero\ig-ii---lab\proyectosogrevc15x86\ig2app\release\main.obj
c:\users\jordi\desktop\trabajos\tercero\ig-ii---lab\proyectosogrevc15x86\ig2app\release\labirynth.obj
c:\users\jordi\desktop\trabajos\tercero\ig-ii---lab\proyectosogrevc15x86\ig2app\release\ig2main.obj
c:\users\jordi\desktop\trabajos\tercero\ig-ii---lab\proyectosogrevc15x86\ig2app\release\ig2applicationcontext.obj
c:\users\jordi\desktop\trabajos\tercero\ig-ii---lab\proyectosogrevc15x86\ig2app\release\ig2app.obj
c:\users\jordi\desktop\trabajos\tercero\ig-ii---lab\proyectosogrevc15x86\ig2app\release\wallcube.obj
c:\users\jordi\desktop\trabajos\tercero\ig-ii---lab\proyectosogrevc15x86\ig2app\release\ig2object.obj
c:\users\jordi\desktop\trabajos\tercero\ig-ii---lab\proyectosogrevc15x86\ig2app\release\emptycube.obj
c:\users\jordi\desktop\trabajos\tercero\ig-ii---lab\proyectosogrevc15x86\ig2app\release\hero.obj
c:\users\jordi\desktop\trabajos\tercero\ig-ii---lab\proyectosogrevc15x86\ig2app\release\plane.obj
c:\users\jordi\desktop\trabajos\tercero\ig-ii---lab\proyectosogrevc15x86\ig2app\release\infooverlay.obj
c:\users\jordi\desktop\trabajos\tercero\ig-ii---lab\proyectosogrevc15x86\ig2app\release\enemy.obj
c:\users\jordi\desktop\trabajos\tercero\ig-ii\precompilado\proyectosogrevc15x86\bin\ig2apprelease.ipdb
c:\users\jordi\desktop\trabajos\tercero\ig-ii\precompilado\proyectosogrevc15x86\bin\ig2apprelease.iobj
c:\users\jordi\desktop\trabajos\tercero\ig-ii---lab\proyectosogrevc15x86\bin\ig2apprelease.ipdb
c:\users\jordi\desktop\trabajos\tercero\ig-ii---lab\proyectosogrevc15x86\bin\ig2apprelease.iobj
c:\users\jordi\desktop\trabajos\tercero\ig-ii---lab\proyectosogrevc15x86\bin\ig2apprelease.exe
c:\users\jordi\desktop\trabajos\tercero\ig-ii---lab\proyectosogrevc15x86\ig2app\release\ig2apprelease.ipdb
c:\users\jordi\desktop\trabajos\tercero\ig-ii---lab\proyectosogrevc15x86\ig2app\release\ig2apprelease.iobj
c:\users\jordi\desktop\trabajos\tercero\ig-ii---lab\proyectosogrevc15x86\bin\ig2apprelease.pdb
c:\users\jordi\desktop\trabajos\tercero\ig-ii---lab\proyectosogrevc15x86\ig2app\release\ig2app.tlog\cl.command.1.tlog
c:\users\jordi\desktop\trabajos\tercero\ig-ii---lab\proyectosogrevc15x86\ig2app\release\ig2app.tlog\cl.items.tlog
c:\users\jordi\desktop\trabajos\tercero\ig-ii---lab\proyectosogrevc15x86\ig2app\release\ig2app.tlog\cl.read.1.tlog
c:\users\jordi\desktop\trabajos\tercero\ig-ii---lab\proyectosogrevc15x86\ig2app\release\ig2app.tlog\cl.write.1.tlog
c:\users\jordi\desktop\trabajos\tercero\ig-ii---lab\proyectosogrevc15x86\ig2app\release\ig2app.tlog\link.command.1.tlog
c:\users\jordi\desktop\trabajos\tercero\ig-ii---lab\proyectosogrevc15x86\ig2app\release\ig2app.tlog\link.read.1.tlog
c:\users\jordi\desktop\trabajos\tercero\ig-ii---lab\proyectosogrevc15x86\ig2app\release\ig2app.tlog\link.write.1.tlog
c:\users\jordi\desktop\trabajos\tercero\ig-ii---lab\proyectosogrevc15x86\ig2app\release\ig2app.tlog\link.write.2u.tlog
